<?xml version="1.0" encoding="UTF-8"?>
<!-- Generated by org.testng.reporters.JUnitReportReporter -->
<testsuite hostname="DESKTOP-E239PRV" name="com.qa.hubspot.test.Cross" tests="4" failures="0" timestamp="14 May 2021 18:26:45 GMT" time="37.671" errors="0">
  <testcase name="test1" time="15.452" classname="com.qa.hubspot.test.Cross"/>
  <testcase name="test1" time="9.761" classname="com.qa.hubspot.test.Cross"/>
  <testcase name="test1" time="5.513" classname="com.qa.hubspot.test.Cross"/>
  <testcase name="test1" time="6.945" classname="com.qa.hubspot.test.Cross"/>
</testsuite> <!-- com.qa.hubspot.test.Cross -->
