<?xml version="1.0" encoding="UTF-8"?>
<!-- Generated by org.testng.reporters.JUnitReportReporter -->
<testsuite hostname="DESKTOP-E239PRV" name="com.qa.hubspot.test.Lognpage" tests="5" failures="0" timestamp="7 Jun 2020 18:38:38 GMT" time="148.058" errors="0">
  <testcase name="verifySSOlinkinloginpage" time="19.495" classname="com.qa.hubspot.test.Lognpage"/>
  <testcase name="logintest" time="46.146" classname="com.qa.hubspot.test.Lognpage"/>
  <testcase name="verifyFacebooklink" time="36.498" classname="com.qa.hubspot.test.Lognpage"/>
  <testcase name="verifyLoginpagetitle" time="22.149" classname="com.qa.hubspot.test.Lognpage"/>
  <testcase name="VerifySignupLink" time="23.770" classname="com.qa.hubspot.test.Lognpage"/>
</testsuite> <!-- com.qa.hubspot.test.Lognpage -->
